2020-04-09 08:00:39.008 INFO [main] [com.StepDefinition.LoginStep] [user_launches_chrome_browser] [com.StepDefinition.LoginStep.user_launches_chrome_browser(LoginStep.java:24)] - launched the browser
2020-04-09 08:00:39.108 INFO [main] [com.StepDefinition.LoginStep] [user_opens_the_login_naukri_page] [com.StepDefinition.LoginStep.user_opens_the_login_naukri_page(LoginStep.java:31)] - Naukri page is opened
2020-04-09 08:01:32.604 INFO [main] [com.StepDefinition.LoginStep] [user_launches_chrome_browser] [com.StepDefinition.LoginStep.user_launches_chrome_browser(LoginStep.java:24)] - launched the browser
2020-04-09 08:01:32.648 INFO [main] [com.StepDefinition.LoginStep] [user_opens_the_login_naukri_page] [com.StepDefinition.LoginStep.user_opens_the_login_naukri_page(LoginStep.java:31)] - Naukri page is opened
2020-04-09 08:05:51.960 INFO [main] [com.StepDefinition.LoginStep] [user_launches_chrome_browser] [com.StepDefinition.LoginStep.user_launches_chrome_browser(LoginStep.java:24)] - launched the browser
2020-04-09 08:05:52.012 INFO [main] [com.StepDefinition.LoginStep] [user_opens_the_login_naukri_page] [com.StepDefinition.LoginStep.user_opens_the_login_naukri_page(LoginStep.java:31)] - Naukri page is opened
2020-04-09 08:05:52.976 INFO [main] [com.StepDefinition.LoginStep] [enters_username_and_password] [com.StepDefinition.LoginStep.enters_username_and_password(LoginStep.java:39)] - text is entered and searched
2020-04-09 08:05:57.420 INFO [main] [com.StepDefinition.LoginStep] [user_clicks_on_login_button] [com.StepDefinition.LoginStep.user_clicks_on_login_button(LoginStep.java:49)] - clicks on the submit button
2020-04-09 08:09:42.511 INFO [main] [com.StepDefinition.LoginStep] [user_launches_chrome_browser] [com.StepDefinition.LoginStep.user_launches_chrome_browser(LoginStep.java:24)] - launched the browser
2020-04-09 08:09:42.677 INFO [main] [com.StepDefinition.LoginStep] [user_opens_the_login_naukri_page] [com.StepDefinition.LoginStep.user_opens_the_login_naukri_page(LoginStep.java:31)] - Naukri page is opened
2020-04-09 08:09:44.434 INFO [main] [com.StepDefinition.LoginStep] [enters_username_and_password] [com.StepDefinition.LoginStep.enters_username_and_password(LoginStep.java:39)] - text is entered and searched
2020-04-09 08:09:48.200 INFO [main] [com.StepDefinition.LoginStep] [user_clicks_on_login_button] [com.StepDefinition.LoginStep.user_clicks_on_login_button(LoginStep.java:49)] - clicks on the submit button
2020-04-09 08:10:01.238 INFO [main] [com.StepDefinition.SearchStep] [search_Launches_the_google_browser] [com.StepDefinition.SearchStep.search_Launches_the_google_browser(SearchStep.java:23)] - Browser launch
2020-04-09 08:10:03.529 INFO [main] [com.StepDefinition.SearchStep] [user_enters_the_details_for_searching_jobs] [com.StepDefinition.SearchStep.user_enters_the_details_for_searching_jobs(SearchStep.java:41)] - Login button clicked
2020-04-09 08:10:08.997 INFO [main] [com.StepDefinition.SearchStep] [user_enters_the_details_for_searching_jobs] [com.StepDefinition.SearchStep.user_enters_the_details_for_searching_jobs(SearchStep.java:46)] - Search done sucessfully
2020-04-09 08:10:09.706 INFO [main] [com.StepDefinition.SearchStep] [search_Takes_a_screenshot] [com.StepDefinition.SearchStep.search_Takes_a_screenshot(SearchStep.java:56)] - screenshot taken
2020-04-09 08:13:20.554 INFO [main] [com.StepDefinition.LoginStep] [user_launches_chrome_browser] [com.StepDefinition.LoginStep.user_launches_chrome_browser(LoginStep.java:24)] - launched the browser
2020-04-09 08:13:20.645 INFO [main] [com.StepDefinition.LoginStep] [user_opens_the_login_naukri_page] [com.StepDefinition.LoginStep.user_opens_the_login_naukri_page(LoginStep.java:31)] - Naukri page is opened
2020-04-09 08:13:21.502 INFO [main] [com.StepDefinition.LoginStep] [enters_username_and_password] [com.StepDefinition.LoginStep.enters_username_and_password(LoginStep.java:39)] - text is entered and searched
2020-04-09 08:13:23.387 INFO [main] [com.StepDefinition.LoginStep] [user_clicks_on_login_button] [com.StepDefinition.LoginStep.user_clicks_on_login_button(LoginStep.java:49)] - clicks on the submit button
2020-04-09 08:13:39.015 INFO [main] [com.StepDefinition.SearchStep] [search_Launches_the_google_browser] [com.StepDefinition.SearchStep.search_Launches_the_google_browser(SearchStep.java:23)] - Browser launch
2020-04-09 08:13:41.541 INFO [main] [com.StepDefinition.SearchStep] [user_enters_the_details_for_searching_jobs] [com.StepDefinition.SearchStep.user_enters_the_details_for_searching_jobs(SearchStep.java:41)] - Login button clicked
2020-04-09 08:13:48.046 INFO [main] [com.StepDefinition.SearchStep] [user_enters_the_details_for_searching_jobs] [com.StepDefinition.SearchStep.user_enters_the_details_for_searching_jobs(SearchStep.java:46)] - Search done sucessfully
2020-04-09 08:13:51.455 INFO [main] [com.StepDefinition.SearchStep] [search_Takes_a_screenshot] [com.StepDefinition.SearchStep.search_Takes_a_screenshot(SearchStep.java:56)] - screenshot taken
2020-04-09 08:14:06.866 INFO [main] [com.StepDefinition.DownloadStep] [download_launches_the_chrome_browser] [com.StepDefinition.DownloadStep.download_launches_the_chrome_browser(DownloadStep.java:26)] - Browser launched sucessfully
2020-04-09 08:14:08.849 INFO [main] [com.StepDefinition.DownloadStep] [user_enters_the_mobile_number] [com.StepDefinition.DownloadStep.user_enters_the_mobile_number(DownloadStep.java:33)] - mobile number entered sucessfully
2020-04-09 08:14:09.506 INFO [main] [com.StepDefinition.DownloadStep] [user_clicks_the_download_link_button] [com.StepDefinition.DownloadStep.user_clicks_the_download_link_button(DownloadStep.java:43)] - ScreenShot taken
2020-04-09 08:14:10.259 INFO [main] [com.StepDefinition.DownloadStep] [user_clicks_the_download_link_button] [com.StepDefinition.DownloadStep.user_clicks_the_download_link_button(DownloadStep.java:45)] - Browser quit sucessfully
2020-04-09 08:15:51.491 INFO [main] [com.StepDefinition.LoginStep] [user_launches_chrome_browser] [com.StepDefinition.LoginStep.user_launches_chrome_browser(LoginStep.java:24)] - launched the browser
2020-04-09 08:15:51.611 INFO [main] [com.StepDefinition.LoginStep] [user_opens_the_login_naukri_page] [com.StepDefinition.LoginStep.user_opens_the_login_naukri_page(LoginStep.java:31)] - Naukri page is opened
2020-04-09 08:15:53.346 INFO [main] [com.StepDefinition.LoginStep] [enters_username_and_password] [com.StepDefinition.LoginStep.enters_username_and_password(LoginStep.java:39)] - text is entered and searched
2020-04-09 08:15:55.250 INFO [main] [com.StepDefinition.LoginStep] [user_clicks_on_login_button] [com.StepDefinition.LoginStep.user_clicks_on_login_button(LoginStep.java:49)] - clicks on the submit button
2020-04-09 08:16:15.695 INFO [main] [com.StepDefinition.SearchStep] [search_Launches_the_google_browser] [com.StepDefinition.SearchStep.search_Launches_the_google_browser(SearchStep.java:23)] - Browser launch
2020-04-09 08:16:16.585 INFO [main] [com.StepDefinition.SearchStep] [user_enters_the_details_for_searching_jobs] [com.StepDefinition.SearchStep.user_enters_the_details_for_searching_jobs(SearchStep.java:41)] - Login button clicked
2020-04-09 08:16:22.647 INFO [main] [com.StepDefinition.SearchStep] [user_enters_the_details_for_searching_jobs] [com.StepDefinition.SearchStep.user_enters_the_details_for_searching_jobs(SearchStep.java:46)] - Search done sucessfully
2020-04-09 08:16:24.925 INFO [main] [com.StepDefinition.SearchStep] [search_Takes_a_screenshot] [com.StepDefinition.SearchStep.search_Takes_a_screenshot(SearchStep.java:56)] - screenshot taken
2020-04-09 08:16:45.083 INFO [main] [com.StepDefinition.DownloadStep] [download_launches_the_chrome_browser] [com.StepDefinition.DownloadStep.download_launches_the_chrome_browser(DownloadStep.java:26)] - Browser launched sucessfully
2020-04-09 08:16:45.244 INFO [main] [com.StepDefinition.DownloadStep] [user_enters_the_mobile_number] [com.StepDefinition.DownloadStep.user_enters_the_mobile_number(DownloadStep.java:33)] - mobile number entered sucessfully
2020-04-09 08:16:45.895 INFO [main] [com.StepDefinition.DownloadStep] [user_clicks_the_download_link_button] [com.StepDefinition.DownloadStep.user_clicks_the_download_link_button(DownloadStep.java:43)] - ScreenShot taken
2020-04-09 08:16:46.651 INFO [main] [com.StepDefinition.DownloadStep] [user_clicks_the_download_link_button] [com.StepDefinition.DownloadStep.user_clicks_the_download_link_button(DownloadStep.java:45)] - Browser quit sucessfully
2020-04-09 08:17:01.427 INFO [main] [com.StepDefinition.DownloadStep] [open_the_naukri_page] [com.StepDefinition.EmployeeStep.open_the_naukri_page(EmployeeStep.java:25)] - launched chrome sucsesfully
2020-04-09 08:17:02.951 INFO [main] [com.StepDefinition.DownloadStep] [go_to_for_employees_section] [com.StepDefinition.EmployeeStep.go_to_for_employees_section(EmployeeStep.java:32)] - employees section opened
2020-04-09 08:18:41.842 INFO [main] [com.StepDefinition.LoginStep] [user_launches_chrome_browser] [com.StepDefinition.LoginStep.user_launches_chrome_browser(LoginStep.java:24)] - launched the browser
2020-04-09 08:18:41.909 INFO [main] [com.StepDefinition.LoginStep] [user_opens_the_login_naukri_page] [com.StepDefinition.LoginStep.user_opens_the_login_naukri_page(LoginStep.java:31)] - Naukri page is opened
2020-04-09 08:18:42.764 INFO [main] [com.StepDefinition.LoginStep] [enters_username_and_password] [com.StepDefinition.LoginStep.enters_username_and_password(LoginStep.java:39)] - text is entered and searched
2020-04-09 08:18:44.252 INFO [main] [com.StepDefinition.LoginStep] [user_clicks_on_login_button] [com.StepDefinition.LoginStep.user_clicks_on_login_button(LoginStep.java:49)] - clicks on the submit button
2020-04-09 08:19:03.225 INFO [main] [com.StepDefinition.SearchStep] [search_Launches_the_google_browser] [com.StepDefinition.SearchStep.search_Launches_the_google_browser(SearchStep.java:23)] - Browser launch
2020-04-09 08:19:04.155 INFO [main] [com.StepDefinition.SearchStep] [user_enters_the_details_for_searching_jobs] [com.StepDefinition.SearchStep.user_enters_the_details_for_searching_jobs(SearchStep.java:41)] - Login button clicked
2020-04-09 08:19:10.406 INFO [main] [com.StepDefinition.SearchStep] [user_enters_the_details_for_searching_jobs] [com.StepDefinition.SearchStep.user_enters_the_details_for_searching_jobs(SearchStep.java:46)] - Search done sucessfully
2020-04-09 08:19:13.250 INFO [main] [com.StepDefinition.SearchStep] [search_Takes_a_screenshot] [com.StepDefinition.SearchStep.search_Takes_a_screenshot(SearchStep.java:56)] - screenshot taken
2020-04-09 08:19:28.018 INFO [main] [com.StepDefinition.DownloadStep] [download_launches_the_chrome_browser] [com.StepDefinition.DownloadStep.download_launches_the_chrome_browser(DownloadStep.java:26)] - Browser launched sucessfully
2020-04-09 08:19:29.845 INFO [main] [com.StepDefinition.DownloadStep] [user_enters_the_mobile_number] [com.StepDefinition.DownloadStep.user_enters_the_mobile_number(DownloadStep.java:33)] - mobile number entered sucessfully
2020-04-09 08:19:30.646 INFO [main] [com.StepDefinition.DownloadStep] [user_clicks_the_download_link_button] [com.StepDefinition.DownloadStep.user_clicks_the_download_link_button(DownloadStep.java:43)] - ScreenShot taken
2020-04-09 08:19:31.859 INFO [main] [com.StepDefinition.DownloadStep] [user_clicks_the_download_link_button] [com.StepDefinition.DownloadStep.user_clicks_the_download_link_button(DownloadStep.java:45)] - Browser quit sucessfully
2020-04-09 08:19:49.747 INFO [main] [com.StepDefinition.DownloadStep] [open_the_naukri_page] [com.StepDefinition.EmployeeStep.open_the_naukri_page(EmployeeStep.java:25)] - launched chrome sucsesfully
2020-04-09 08:19:50.095 INFO [main] [com.StepDefinition.DownloadStep] [go_to_for_employees_section] [com.StepDefinition.EmployeeStep.go_to_for_employees_section(EmployeeStep.java:32)] - employees section opened
2020-04-09 08:22:53.519 INFO [main] [com.StepDefinition.LoginStep] [user_launches_chrome_browser] [com.StepDefinition.LoginStep.user_launches_chrome_browser(LoginStep.java:24)] - launched the browser
2020-04-09 08:22:53.625 INFO [main] [com.StepDefinition.LoginStep] [user_opens_the_login_naukri_page] [com.StepDefinition.LoginStep.user_opens_the_login_naukri_page(LoginStep.java:31)] - Naukri page is opened
2020-04-09 08:22:55.476 INFO [main] [com.StepDefinition.LoginStep] [enters_username_and_password] [com.StepDefinition.LoginStep.enters_username_and_password(LoginStep.java:39)] - text is entered and searched
2020-04-09 08:22:56.438 INFO [main] [com.StepDefinition.LoginStep] [user_clicks_on_login_button] [com.StepDefinition.LoginStep.user_clicks_on_login_button(LoginStep.java:49)] - clicks on the submit button
2020-04-09 08:23:10.277 INFO [main] [com.StepDefinition.SearchStep] [search_Launches_the_google_browser] [com.StepDefinition.SearchStep.search_Launches_the_google_browser(SearchStep.java:23)] - Browser launch
2020-04-09 08:23:12.156 INFO [main] [com.StepDefinition.SearchStep] [user_enters_the_details_for_searching_jobs] [com.StepDefinition.SearchStep.user_enters_the_details_for_searching_jobs(SearchStep.java:41)] - Login button clicked
2020-04-09 08:23:16.934 INFO [main] [com.StepDefinition.SearchStep] [user_enters_the_details_for_searching_jobs] [com.StepDefinition.SearchStep.user_enters_the_details_for_searching_jobs(SearchStep.java:46)] - Search done sucessfully
2020-04-09 08:23:19.603 INFO [main] [com.StepDefinition.SearchStep] [search_Takes_a_screenshot] [com.StepDefinition.SearchStep.search_Takes_a_screenshot(SearchStep.java:56)] - screenshot taken
2020-04-09 08:23:38.153 INFO [main] [com.StepDefinition.DownloadStep] [download_launches_the_chrome_browser] [com.StepDefinition.DownloadStep.download_launches_the_chrome_browser(DownloadStep.java:26)] - Browser launched sucessfully
2020-04-09 08:23:38.310 INFO [main] [com.StepDefinition.DownloadStep] [user_enters_the_mobile_number] [com.StepDefinition.DownloadStep.user_enters_the_mobile_number(DownloadStep.java:33)] - mobile number entered sucessfully
2020-04-09 08:23:38.922 INFO [main] [com.StepDefinition.DownloadStep] [user_clicks_the_download_link_button] [com.StepDefinition.DownloadStep.user_clicks_the_download_link_button(DownloadStep.java:43)] - ScreenShot taken
2020-04-09 08:23:39.643 INFO [main] [com.StepDefinition.DownloadStep] [user_clicks_the_download_link_button] [com.StepDefinition.DownloadStep.user_clicks_the_download_link_button(DownloadStep.java:45)] - Browser quit sucessfully
2020-04-09 08:23:51.774 INFO [main] [com.StepDefinition.DownloadStep] [open_the_naukri_page] [com.StepDefinition.EmployeeStep.open_the_naukri_page(EmployeeStep.java:25)] - launched chrome sucsesfully
2020-04-09 08:23:53.238 INFO [main] [com.StepDefinition.DownloadStep] [go_to_for_employees_section] [com.StepDefinition.EmployeeStep.go_to_for_employees_section(EmployeeStep.java:32)] - employees section opened
2020-04-09 09:10:31.087 INFO [main] [com.StepDefinition.DownloadStep] [open_the_naukri_page] [com.StepDefinition.EmployeeStep.open_the_naukri_page(EmployeeStep.java:25)] - launched chrome sucsesfully
2020-04-09 09:10:38.867 INFO [main] [com.StepDefinition.DownloadStep] [go_to_for_employees_section] [com.StepDefinition.EmployeeStep.go_to_for_employees_section(EmployeeStep.java:32)] - employees section opened
2020-04-09 09:10:39.236 INFO [main] [com.StepDefinition.DownloadStep] [add_the_required_product_to_cart] [com.StepDefinition.EmployeeStep.add_the_required_product_to_cart(EmployeeStep.java:39)] - required product is sucessfully added
2020-04-09 09:10:39.977 INFO [main] [com.StepDefinition.DownloadStep] [add_the_required_product_to_cart] [com.StepDefinition.EmployeeStep.add_the_required_product_to_cart(EmployeeStep.java:43)] - Screenshot taken
2020-04-09 09:11:55.053 INFO [main] [com.StepDefinition.LoginStep] [user_launches_chrome_browser] [com.StepDefinition.LoginStep.user_launches_chrome_browser(LoginStep.java:24)] - launched the browser
2020-04-09 09:11:55.134 INFO [main] [com.StepDefinition.LoginStep] [user_opens_the_login_naukri_page] [com.StepDefinition.LoginStep.user_opens_the_login_naukri_page(LoginStep.java:31)] - Naukri page is opened
2020-04-09 09:11:57.512 INFO [main] [com.StepDefinition.LoginStep] [enters_username_and_password] [com.StepDefinition.LoginStep.enters_username_and_password(LoginStep.java:39)] - text is entered and searched
2020-04-09 09:11:59.641 INFO [main] [com.StepDefinition.LoginStep] [user_clicks_on_login_button] [com.StepDefinition.LoginStep.user_clicks_on_login_button(LoginStep.java:49)] - clicks on the submit button
2020-04-09 09:12:17.990 INFO [main] [com.StepDefinition.SearchStep] [search_Launches_the_google_browser] [com.StepDefinition.SearchStep.search_Launches_the_google_browser(SearchStep.java:23)] - Browser launch
2020-04-09 09:12:19.014 INFO [main] [com.StepDefinition.SearchStep] [user_enters_the_details_for_searching_jobs] [com.StepDefinition.SearchStep.user_enters_the_details_for_searching_jobs(SearchStep.java:41)] - Login button clicked
2020-04-09 09:12:25.995 INFO [main] [com.StepDefinition.SearchStep] [user_enters_the_details_for_searching_jobs] [com.StepDefinition.SearchStep.user_enters_the_details_for_searching_jobs(SearchStep.java:46)] - Search done sucessfully
2020-04-09 09:12:26.692 INFO [main] [com.StepDefinition.SearchStep] [search_Takes_a_screenshot] [com.StepDefinition.SearchStep.search_Takes_a_screenshot(SearchStep.java:56)] - screenshot taken
2020-04-09 09:12:40.292 INFO [main] [com.StepDefinition.DownloadStep] [download_launches_the_chrome_browser] [com.StepDefinition.DownloadStep.download_launches_the_chrome_browser(DownloadStep.java:26)] - Browser launched sucessfully
2020-04-09 09:12:41.760 INFO [main] [com.StepDefinition.DownloadStep] [user_enters_the_mobile_number] [com.StepDefinition.DownloadStep.user_enters_the_mobile_number(DownloadStep.java:33)] - mobile number entered sucessfully
2020-04-09 09:12:42.538 INFO [main] [com.StepDefinition.DownloadStep] [user_clicks_the_download_link_button] [com.StepDefinition.DownloadStep.user_clicks_the_download_link_button(DownloadStep.java:43)] - ScreenShot taken
2020-04-09 09:12:43.313 INFO [main] [com.StepDefinition.DownloadStep] [user_clicks_the_download_link_button] [com.StepDefinition.DownloadStep.user_clicks_the_download_link_button(DownloadStep.java:45)] - Browser quit sucessfully
2020-04-09 09:13:04.306 INFO [main] [com.StepDefinition.DownloadStep] [open_the_naukri_page] [com.StepDefinition.EmployeeStep.open_the_naukri_page(EmployeeStep.java:25)] - launched chrome sucsesfully
2020-04-09 09:13:11.312 INFO [main] [com.StepDefinition.DownloadStep] [go_to_for_employees_section] [com.StepDefinition.EmployeeStep.go_to_for_employees_section(EmployeeStep.java:32)] - employees section opened
2020-04-09 09:13:11.679 INFO [main] [com.StepDefinition.DownloadStep] [add_the_required_product_to_cart] [com.StepDefinition.EmployeeStep.add_the_required_product_to_cart(EmployeeStep.java:39)] - required product is sucessfully added
2020-04-09 09:13:12.296 INFO [main] [com.StepDefinition.DownloadStep] [add_the_required_product_to_cart] [com.StepDefinition.EmployeeStep.add_the_required_product_to_cart(EmployeeStep.java:43)] - Screenshot taken
2020-04-09 09:21:47.023 INFO [main] [com.StepDefinition.LoginStep] [user_launches_chrome_browser] [com.StepDefinition.LoginStep.user_launches_chrome_browser(LoginStep.java:24)] - launched the browser
2020-04-09 09:21:47.081 INFO [main] [com.StepDefinition.LoginStep] [user_opens_the_login_naukri_page] [com.StepDefinition.LoginStep.user_opens_the_login_naukri_page(LoginStep.java:31)] - Naukri page is opened
2020-04-09 09:21:48.025 INFO [main] [com.StepDefinition.LoginStep] [enters_username_and_password] [com.StepDefinition.LoginStep.enters_username_and_password(LoginStep.java:39)] - text is entered and searched
2020-04-09 09:21:51.663 INFO [main] [com.StepDefinition.LoginStep] [user_clicks_on_login_button] [com.StepDefinition.LoginStep.user_clicks_on_login_button(LoginStep.java:49)] - clicks on the submit button
2020-04-09 09:22:10.257 INFO [main] [com.StepDefinition.SearchStep] [search_Launches_the_google_browser] [com.StepDefinition.SearchStep.search_Launches_the_google_browser(SearchStep.java:23)] - Browser launch
2020-04-09 09:22:11.160 INFO [main] [com.StepDefinition.SearchStep] [user_enters_the_details_for_searching_jobs] [com.StepDefinition.SearchStep.user_enters_the_details_for_searching_jobs(SearchStep.java:41)] - Login button clicked
2020-04-09 09:22:16.381 INFO [main] [com.StepDefinition.SearchStep] [user_enters_the_details_for_searching_jobs] [com.StepDefinition.SearchStep.user_enters_the_details_for_searching_jobs(SearchStep.java:46)] - Search done sucessfully
2020-04-09 09:22:19.134 INFO [main] [com.StepDefinition.SearchStep] [search_Takes_a_screenshot] [com.StepDefinition.SearchStep.search_Takes_a_screenshot(SearchStep.java:56)] - screenshot taken
2020-04-09 09:22:33.020 INFO [main] [com.StepDefinition.DownloadStep] [download_launches_the_chrome_browser] [com.StepDefinition.DownloadStep.download_launches_the_chrome_browser(DownloadStep.java:26)] - Browser launched sucessfully
2020-04-09 09:22:34.360 INFO [main] [com.StepDefinition.DownloadStep] [user_enters_the_mobile_number] [com.StepDefinition.DownloadStep.user_enters_the_mobile_number(DownloadStep.java:33)] - mobile number entered sucessfully
2020-04-09 09:22:35.116 INFO [main] [com.StepDefinition.DownloadStep] [user_clicks_the_download_link_button] [com.StepDefinition.DownloadStep.user_clicks_the_download_link_button(DownloadStep.java:43)] - ScreenShot taken
2020-04-09 09:22:35.914 INFO [main] [com.StepDefinition.DownloadStep] [user_clicks_the_download_link_button] [com.StepDefinition.DownloadStep.user_clicks_the_download_link_button(DownloadStep.java:45)] - Browser quit sucessfully
2020-04-09 09:22:50.216 INFO [main] [com.StepDefinition.DownloadStep] [open_the_naukri_page] [com.StepDefinition.EmployeeStep.open_the_naukri_page(EmployeeStep.java:25)] - launched chrome sucsesfully
2020-04-09 09:22:51.464 INFO [main] [com.StepDefinition.DownloadStep] [go_to_for_employees_section] [com.StepDefinition.EmployeeStep.go_to_for_employees_section(EmployeeStep.java:32)] - employees section opened
2020-04-09 09:31:03.072 INFO [main] [com.StepDefinition.LoginStep] [user_launches_chrome_browser] [com.StepDefinition.LoginStep.user_launches_chrome_browser(LoginStep.java:24)] - launched the browser
2020-04-09 09:31:03.149 INFO [main] [com.StepDefinition.LoginStep] [user_opens_the_login_naukri_page] [com.StepDefinition.LoginStep.user_opens_the_login_naukri_page(LoginStep.java:31)] - Naukri page is opened
2020-04-09 09:31:04.421 INFO [main] [com.StepDefinition.LoginStep] [enters_username_and_password] [com.StepDefinition.LoginStep.enters_username_and_password(LoginStep.java:39)] - text is entered and searched
2020-04-09 09:31:05.159 INFO [main] [com.StepDefinition.LoginStep] [user_clicks_on_login_button] [com.StepDefinition.LoginStep.user_clicks_on_login_button(LoginStep.java:49)] - clicks on the submit button
2020-04-09 09:31:19.737 INFO [main] [com.StepDefinition.SearchStep] [search_Launches_the_google_browser] [com.StepDefinition.SearchStep.search_Launches_the_google_browser(SearchStep.java:23)] - Browser launch
2020-04-09 09:31:22.936 INFO [main] [com.StepDefinition.SearchStep] [user_enters_the_details_for_searching_jobs] [com.StepDefinition.SearchStep.user_enters_the_details_for_searching_jobs(SearchStep.java:41)] - Login button clicked
2020-04-09 09:31:35.480 INFO [main] [com.StepDefinition.SearchStep] [user_enters_the_details_for_searching_jobs] [com.StepDefinition.SearchStep.user_enters_the_details_for_searching_jobs(SearchStep.java:46)] - Search done sucessfully
2020-04-09 09:31:38.927 INFO [main] [com.StepDefinition.SearchStep] [search_Takes_a_screenshot] [com.StepDefinition.SearchStep.search_Takes_a_screenshot(SearchStep.java:56)] - screenshot taken
2020-04-09 09:32:03.600 INFO [main] [com.StepDefinition.DownloadStep] [download_launches_the_chrome_browser] [com.StepDefinition.DownloadStep.download_launches_the_chrome_browser(DownloadStep.java:26)] - Browser launched sucessfully
2020-04-09 09:32:03.844 INFO [main] [com.StepDefinition.DownloadStep] [user_enters_the_mobile_number] [com.StepDefinition.DownloadStep.user_enters_the_mobile_number(DownloadStep.java:33)] - mobile number entered sucessfully
2020-04-09 09:32:04.590 INFO [main] [com.StepDefinition.DownloadStep] [user_clicks_the_download_link_button] [com.StepDefinition.DownloadStep.user_clicks_the_download_link_button(DownloadStep.java:43)] - ScreenShot taken
2020-04-09 09:32:05.457 INFO [main] [com.StepDefinition.DownloadStep] [user_clicks_the_download_link_button] [com.StepDefinition.DownloadStep.user_clicks_the_download_link_button(DownloadStep.java:45)] - Browser quit sucessfully
2020-04-09 09:32:31.042 INFO [main] [com.StepDefinition.DownloadStep] [open_the_naukri_page] [com.StepDefinition.EmployeeStep.open_the_naukri_page(EmployeeStep.java:25)] - launched chrome sucsesfully
2020-04-09 09:32:43.174 INFO [main] [com.StepDefinition.DownloadStep] [go_to_for_employees_section] [com.StepDefinition.EmployeeStep.go_to_for_employees_section(EmployeeStep.java:32)] - employees section opened
2020-04-09 09:32:43.657 INFO [main] [com.StepDefinition.DownloadStep] [add_the_required_product_to_cart] [com.StepDefinition.EmployeeStep.add_the_required_product_to_cart(EmployeeStep.java:39)] - required product is sucessfully added
2020-04-09 09:32:44.128 INFO [main] [com.StepDefinition.DownloadStep] [add_the_required_product_to_cart] [com.StepDefinition.EmployeeStep.add_the_required_product_to_cart(EmployeeStep.java:43)] - Screenshot taken
2020-04-09 09:33:19.278 INFO [main] [com.StepDefinition.LoginStep] [user_launches_chrome_browser] [com.StepDefinition.LoginStep.user_launches_chrome_browser(LoginStep.java:24)] - launched the browser
2020-04-09 09:33:19.353 INFO [main] [com.StepDefinition.LoginStep] [user_opens_the_login_naukri_page] [com.StepDefinition.LoginStep.user_opens_the_login_naukri_page(LoginStep.java:31)] - Naukri page is opened
2020-04-09 09:33:22.261 INFO [main] [com.StepDefinition.LoginStep] [enters_username_and_password] [com.StepDefinition.LoginStep.enters_username_and_password(LoginStep.java:39)] - text is entered and searched
2020-04-09 09:33:30.837 INFO [main] [com.StepDefinition.LoginStep] [user_clicks_on_login_button] [com.StepDefinition.LoginStep.user_clicks_on_login_button(LoginStep.java:49)] - clicks on the submit button
2020-04-09 09:33:54.132 INFO [main] [com.StepDefinition.SearchStep] [search_Launches_the_google_browser] [com.StepDefinition.SearchStep.search_Launches_the_google_browser(SearchStep.java:23)] - Browser launch
2020-04-09 09:33:55.176 INFO [main] [com.StepDefinition.SearchStep] [user_enters_the_details_for_searching_jobs] [com.StepDefinition.SearchStep.user_enters_the_details_for_searching_jobs(SearchStep.java:41)] - Login button clicked
2020-04-09 09:35:03.243 INFO [main] [com.StepDefinition.DownloadStep] [download_launches_the_chrome_browser] [com.StepDefinition.DownloadStep.download_launches_the_chrome_browser(DownloadStep.java:26)] - Browser launched sucessfully
2020-04-09 09:35:03.642 INFO [main] [com.StepDefinition.DownloadStep] [user_enters_the_mobile_number] [com.StepDefinition.DownloadStep.user_enters_the_mobile_number(DownloadStep.java:33)] - mobile number entered sucessfully
2020-04-09 09:35:04.605 INFO [main] [com.StepDefinition.DownloadStep] [user_clicks_the_download_link_button] [com.StepDefinition.DownloadStep.user_clicks_the_download_link_button(DownloadStep.java:43)] - ScreenShot taken
2020-04-09 09:35:05.857 INFO [main] [com.StepDefinition.DownloadStep] [user_clicks_the_download_link_button] [com.StepDefinition.DownloadStep.user_clicks_the_download_link_button(DownloadStep.java:45)] - Browser quit sucessfully
2020-04-09 09:35:26.213 INFO [main] [com.StepDefinition.DownloadStep] [open_the_naukri_page] [com.StepDefinition.EmployeeStep.open_the_naukri_page(EmployeeStep.java:25)] - launched chrome sucsesfully
2020-04-09 09:35:36.240 INFO [main] [com.StepDefinition.DownloadStep] [go_to_for_employees_section] [com.StepDefinition.EmployeeStep.go_to_for_employees_section(EmployeeStep.java:32)] - employees section opened
2020-04-09 09:35:36.923 INFO [main] [com.StepDefinition.DownloadStep] [add_the_required_product_to_cart] [com.StepDefinition.EmployeeStep.add_the_required_product_to_cart(EmployeeStep.java:39)] - required product is sucessfully added
2020-04-09 09:35:37.641 INFO [main] [com.StepDefinition.DownloadStep] [add_the_required_product_to_cart] [com.StepDefinition.EmployeeStep.add_the_required_product_to_cart(EmployeeStep.java:43)] - Screenshot taken
2020-04-09 09:38:56.817 INFO [main] [com.StepDefinition.LoginStep] [user_launches_chrome_browser] [com.StepDefinition.LoginStep.user_launches_chrome_browser(LoginStep.java:24)] - launched the browser
2020-04-09 09:38:56.863 INFO [main] [com.StepDefinition.LoginStep] [user_opens_the_login_naukri_page] [com.StepDefinition.LoginStep.user_opens_the_login_naukri_page(LoginStep.java:31)] - Naukri page is opened
2020-04-09 09:38:57.997 INFO [main] [com.StepDefinition.LoginStep] [enters_username_and_password] [com.StepDefinition.LoginStep.enters_username_and_password(LoginStep.java:39)] - text is entered and searched
2020-04-09 09:38:59.879 INFO [main] [com.StepDefinition.LoginStep] [user_clicks_on_login_button] [com.StepDefinition.LoginStep.user_clicks_on_login_button(LoginStep.java:49)] - clicks on the submit button
2020-04-09 09:39:14.215 INFO [main] [com.StepDefinition.SearchStep] [search_Launches_the_google_browser] [com.StepDefinition.SearchStep.search_Launches_the_google_browser(SearchStep.java:23)] - Browser launch
2020-04-09 09:39:16.592 INFO [main] [com.StepDefinition.SearchStep] [user_enters_the_details_for_searching_jobs] [com.StepDefinition.SearchStep.user_enters_the_details_for_searching_jobs(SearchStep.java:41)] - Login button clicked
2020-04-09 09:39:23.439 INFO [main] [com.StepDefinition.SearchStep] [user_enters_the_details_for_searching_jobs] [com.StepDefinition.SearchStep.user_enters_the_details_for_searching_jobs(SearchStep.java:46)] - Search done sucessfully
2020-04-09 09:39:26.147 INFO [main] [com.StepDefinition.SearchStep] [search_Takes_a_screenshot] [com.StepDefinition.SearchStep.search_Takes_a_screenshot(SearchStep.java:56)] - screenshot taken
2020-04-09 09:39:40.436 INFO [main] [com.StepDefinition.DownloadStep] [download_launches_the_chrome_browser] [com.StepDefinition.DownloadStep.download_launches_the_chrome_browser(DownloadStep.java:26)] - Browser launched sucessfully
2020-04-09 09:39:41.839 INFO [main] [com.StepDefinition.DownloadStep] [user_enters_the_mobile_number] [com.StepDefinition.DownloadStep.user_enters_the_mobile_number(DownloadStep.java:33)] - mobile number entered sucessfully
2020-04-09 09:39:42.634 INFO [main] [com.StepDefinition.DownloadStep] [user_clicks_the_download_link_button] [com.StepDefinition.DownloadStep.user_clicks_the_download_link_button(DownloadStep.java:43)] - ScreenShot taken
2020-04-09 09:39:43.489 INFO [main] [com.StepDefinition.DownloadStep] [user_clicks_the_download_link_button] [com.StepDefinition.DownloadStep.user_clicks_the_download_link_button(DownloadStep.java:45)] - Browser quit sucessfully
2020-04-09 09:40:01.288 INFO [main] [com.StepDefinition.DownloadStep] [open_the_naukri_page] [com.StepDefinition.EmployeeStep.open_the_naukri_page(EmployeeStep.java:25)] - launched chrome sucsesfully
2020-04-09 09:40:01.670 INFO [main] [com.StepDefinition.DownloadStep] [go_to_for_employees_section] [com.StepDefinition.EmployeeStep.go_to_for_employees_section(EmployeeStep.java:32)] - employees section opened
2020-04-09 09:40:18.890 INFO [main] [com.StepDefinition.DownloadStep] [add_the_required_product_to_cart] [com.StepDefinition.EmployeeStep.add_the_required_product_to_cart(EmployeeStep.java:39)] - required product is sucessfully added
2020-04-09 09:40:19.504 INFO [main] [com.StepDefinition.DownloadStep] [add_the_required_product_to_cart] [com.StepDefinition.EmployeeStep.add_the_required_product_to_cart(EmployeeStep.java:43)] - Screenshot taken
